{"Date": "2024-08-29 07:03:29", "display_phone_number": "917291000150", "phone_number_id": "357081907495865", "waba_id": "wamid.HBgMOTE3OTA1OTY4NzM0FQIAERgSQkU4MjBFMkZBNzMzRTlERDQzAA==", "status": "sent", "message_timestamp": "1724929408", "contact_wa_id": "917905968734"}
{"Date": "2024-08-29 07:03:30", "display_phone_number": "917291000150", "phone_number_id": "357081907495865", "waba_id": "wamid.HBgMOTE3OTA1OTY4NzM0FQIAERgSQkU4MjBFMkZBNzMzRTlERDQzAA==", "status": "sent", "message_timestamp": "1724929408", "contact_wa_id": "917905968734"}
{"Date": "2024-08-29 07:03:31", "display_phone_number": "917291000150", "phone_number_id": "357081907495865", "waba_id": "wamid.HBgMOTE3OTA1OTY4NzM0FQIAERgSQkU4MjBFMkZBNzMzRTlERDQzAA==", "status": "delivered", "message_timestamp": "1724929411", "contact_wa_id": "917905968734"}
{"Date": "2024-08-29 07:03:32", "display_phone_number": "917291000150", "phone_number_id": "357081907495865", "waba_id": "wamid.HBgMOTE3OTA1OTY4NzM0FQIAERgSQkU4MjBFMkZBNzMzRTlERDQzAA==", "status": "delivered", "message_timestamp": "1724929411", "contact_wa_id": "917905968734"}
{"Date": "2024-08-29 07:04:39", "display_phone_number": "917291000150", "phone_number_id": "357081907495865", "waba_id": "wamid.HBgMOTE3OTA1OTY4NzM0FQIAERgSQkU4MjBFMkZBNzMzRTlERDQzAA==", "status": "read", "message_timestamp": "1724929478", "contact_wa_id": "917905968734"}
{"Date": "2024-08-29 07:04:39", "display_phone_number": "917291000150", "phone_number_id": "357081907495865", "waba_id": "wamid.HBgMOTE3OTA1OTY4NzM0FQIAERgSQkU4MjBFMkZBNzMzRTlERDQzAA==", "status": "read", "message_timestamp": "1724929478", "contact_wa_id": "917905968734"}
{"Date": "2024-08-29 09:52:48", "display_phone_number": "917291000150", "phone_number_id": "357081907495865", "waba_id": "wamid.HBgMOTE5ODEwMDk2NzIwFQIAERgSNUI0QjZERDdCMjA0NUU0MTJFAA==", "status": "read", "message_timestamp": "1724939567", "contact_wa_id": "919810096720"}
{"Date": "2024-08-29 09:52:49", "display_phone_number": "917291000150", "phone_number_id": "357081907495865", "waba_id": "wamid.HBgMOTE5ODEwMDk2NzIwFQIAERgSNUI0QjZERDdCMjA0NUU0MTJFAA==", "status": "read", "message_timestamp": "1724939567", "contact_wa_id": "919810096720"}
{"Date": "2024-08-30 07:15:35", "display_phone_number": "917291000150", "phone_number_id": "357081907495865", "waba_id": "wamid.HBgMOTE3OTA1OTY4NzM0FQIAERgSMDkwNjY5ODNCQjY0QzRFQjFCAA==", "status": "sent", "message_timestamp": "1725016534", "contact_wa_id": "917905968734"}
{"Date": "2024-08-30 07:15:35", "display_phone_number": "917291000150", "phone_number_id": "357081907495865", "waba_id": "wamid.HBgMOTE3OTA1OTY4NzM0FQIAERgSMDkwNjY5ODNCQjY0QzRFQjFCAA==", "status": "sent", "message_timestamp": "1725016534", "contact_wa_id": "917905968734"}
{"Date": "2024-08-30 07:15:37", "display_phone_number": "917291000150", "phone_number_id": "357081907495865", "waba_id": "wamid.HBgMOTE3OTA1OTY4NzM0FQIAERgSMDkwNjY5ODNCQjY0QzRFQjFCAA==", "status": "delivered", "message_timestamp": "1725016535", "contact_wa_id": "917905968734"}
{"Date": "2024-08-30 07:15:38", "display_phone_number": "917291000150", "phone_number_id": "357081907495865", "waba_id": "wamid.HBgMOTE3OTA1OTY4NzM0FQIAERgSMDkwNjY5ODNCQjY0QzRFQjFCAA==", "status": "delivered", "message_timestamp": "1725016535", "contact_wa_id": "917905968734"}
{"Date": "2024-08-30 07:29:07", "display_phone_number": "917291000150", "phone_number_id": "357081907495865", "waba_id": "wamid.HBgMOTE3OTA1OTY4NzM0FQIAERgSODBDQTI2QTk5OUIwNzM5NThGAA==", "status": "sent", "message_timestamp": "1725017346", "contact_wa_id": "917905968734"}
{"Date": "2024-08-30 07:29:08", "display_phone_number": "917291000150", "phone_number_id": "357081907495865", "waba_id": "wamid.HBgMOTE3OTA1OTY4NzM0FQIAERgSODBDQTI2QTk5OUIwNzM5NThGAA==", "status": "sent", "message_timestamp": "1725017346", "contact_wa_id": "917905968734"}
{"Date": "2024-08-30 07:29:09", "display_phone_number": "917291000150", "phone_number_id": "357081907495865", "waba_id": "wamid.HBgMOTE3OTA1OTY4NzM0FQIAERgSODBDQTI2QTk5OUIwNzM5NThGAA==", "status": "delivered", "message_timestamp": "1725017348", "contact_wa_id": "917905968734"}
{"Date": "2024-08-30 07:29:09", "display_phone_number": "917291000150", "phone_number_id": "357081907495865", "waba_id": "wamid.HBgMOTE3OTA1OTY4NzM0FQIAERgSODBDQTI2QTk5OUIwNzM5NThGAA==", "status": "delivered", "message_timestamp": "1725017348", "contact_wa_id": "917905968734"}
{"Date": "2024-08-30 09:21:50", "display_phone_number": "917291000150", "phone_number_id": "357081907495865", "waba_id": "wamid.HBgMOTE3OTA1OTY4NzM0FQIAERgSMDkwNjY5ODNCQjY0QzRFQjFCAA==", "status": "read", "message_timestamp": "1725024109", "contact_wa_id": "917905968734"}
{"Date": "2024-08-30 09:21:50", "display_phone_number": "917291000150", "phone_number_id": "357081907495865", "waba_id": "wamid.HBgMOTE3OTA1OTY4NzM0FQIAERgSODBDQTI2QTk5OUIwNzM5NThGAA==", "status": "read", "message_timestamp": "1725024109", "contact_wa_id": "917905968734"}
{"Date": "2024-08-30 09:21:50", "display_phone_number": "917291000150", "phone_number_id": "357081907495865", "waba_id": "wamid.HBgMOTE3OTA1OTY4NzM0FQIAERgSMDkwNjY5ODNCQjY0QzRFQjFCAA==", "status": "read", "message_timestamp": "1725024109", "contact_wa_id": "917905968734"}
{"Date": "2024-08-30 09:21:57", "display_phone_number": "917291000150", "phone_number_id": "357081907495865", "waba_id": "wamid.HBgMOTE3OTA1OTY4NzM0FQIAERgSODBDQTI2QTk5OUIwNzM5NThGAA==", "status": "read", "message_timestamp": "1725024109", "contact_wa_id": "917905968734"}
